{"nbformat":4,"nbformat_minor":0,"metadata":{"colab":{"provenance":[],"authorship_tag":"ABX9TyOyhq98RQQZFK+0VKdTda74"},"kernelspec":{"name":"python3","display_name":"Python 3"},"language_info":{"name":"python"}},"cells":[{"cell_type":"code","execution_count":1,"metadata":{"id":"D4BAS5WYNWum","executionInfo":{"status":"ok","timestamp":1751326839064,"user_tz":-330,"elapsed":517,"user":{"displayName":"Rucha Goje","userId":"08197201055583926471"}}},"outputs":[],"source":["import pandas as pd\n","\n"]},{"cell_type":"code","source":["data = {\n","    \"name\": [\"rucha\", \"shruthi\"],\n","    \"age\": [21, 23]\n","}\n","\n","df = pd.DataFrame(data)\n","print(df)"],"metadata":{"colab":{"base_uri":"https://localhost:8080/"},"id":"zmTksxUbNujV","executionInfo":{"status":"ok","timestamp":1751327029007,"user_tz":-330,"elapsed":15,"user":{"displayName":"Rucha Goje","userId":"08197201055583926471"}},"outputId":"06b6a21b-5455-430f-fb68-83c439007bf5"},"execution_count":2,"outputs":[{"output_type":"stream","name":"stdout","text":["      name  age\n","0    rucha   21\n","1  shruthi   23\n"]}]},{"cell_type":"code","source":["print(df.loc[0])"],"metadata":{"colab":{"base_uri":"https://localhost:8080/"},"id":"742j5XMwObXl","executionInfo":{"status":"ok","timestamp":1751327767697,"user_tz":-330,"elapsed":8,"user":{"displayName":"Rucha Goje","userId":"08197201055583926471"}},"outputId":"bf5e11bd-ac95-4426-bc00-6a8d7c0e04c5"},"execution_count":6,"outputs":[{"output_type":"stream","name":"stdout","text":["name    rucha\n","age        21\n","Name: 0, dtype: object\n"]}]},{"cell_type":"code","source":["print(df.loc[[0,1]])"],"metadata":{"colab":{"base_uri":"https://localhost:8080/"},"id":"grgsSuJmQyVZ","executionInfo":{"status":"ok","timestamp":1751327794844,"user_tz":-330,"elapsed":10,"user":{"displayName":"Rucha Goje","userId":"08197201055583926471"}},"outputId":"245f3cd6-70f7-4a9b-fdff-2479fc916a5f"},"execution_count":7,"outputs":[{"output_type":"stream","name":"stdout","text":["      name  age\n","0    rucha   21\n","1  shruthi   23\n"]}]},{"cell_type":"code","source":["data = {\n","    \"name\": [\"rucha\", \"shruthi\"],\n","    \"age\": [21, 23]\n","}\n","\n","df = pd.DataFrame(data, index =[\"person1\", \"person2\"])\n","print(df)"],"metadata":{"colab":{"base_uri":"https://localhost:8080/"},"id":"xniRE0EbRWV7","executionInfo":{"status":"ok","timestamp":1751327941514,"user_tz":-330,"elapsed":12,"user":{"displayName":"Rucha Goje","userId":"08197201055583926471"}},"outputId":"755fcd9e-cc63-4cbc-8bb1-40217e6c8f71"},"execution_count":8,"outputs":[{"output_type":"stream","name":"stdout","text":["            name  age\n","person1    rucha   21\n","person2  shruthi   23\n"]}]},{"cell_type":"code","source":["print(df.loc[\"person1\"])\n"],"metadata":{"colab":{"base_uri":"https://localhost:8080/","height":547},"collapsed":true,"id":"OKitpSbfR6Ho","executionInfo":{"status":"error","timestamp":1751328367475,"user_tz":-330,"elapsed":116,"user":{"displayName":"Rucha Goje","userId":"08197201055583926471"}},"outputId":"7bb5415e-1a44-43ea-b6f9-132b1b1c721d"},"execution_count":15,"outputs":[{"output_type":"error","ename":"KeyError","evalue":"'person1'","traceback":["\u001b[0;31m---------------------------------------------------------------------------\u001b[0m","\u001b[0;31mKeyError\u001b[0m                                  Traceback (most recent call last)","\u001b[0;32m/usr/local/lib/python3.11/dist-packages/pandas/core/indexes/base.py\u001b[0m in \u001b[0;36mget_loc\u001b[0;34m(self, key)\u001b[0m\n\u001b[1;32m   3804\u001b[0m         \u001b[0;32mtry\u001b[0m\u001b[0;34m:\u001b[0m\u001b[0;34m\u001b[0m\u001b[0;34m\u001b[0m\u001b[0m\n\u001b[0;32m-> 3805\u001b[0;31m             \u001b[0;32mreturn\u001b[0m \u001b[0mself\u001b[0m\u001b[0;34m.\u001b[0m\u001b[0m_engine\u001b[0m\u001b[0;34m.\u001b[0m\u001b[0mget_loc\u001b[0m\u001b[0;34m(\u001b[0m\u001b[0mcasted_key\u001b[0m\u001b[0;34m)\u001b[0m\u001b[0;34m\u001b[0m\u001b[0;34m\u001b[0m\u001b[0m\n\u001b[0m\u001b[1;32m   3806\u001b[0m         \u001b[0;32mexcept\u001b[0m \u001b[0mKeyError\u001b[0m \u001b[0;32mas\u001b[0m \u001b[0merr\u001b[0m\u001b[0;34m:\u001b[0m\u001b[0;34m\u001b[0m\u001b[0;34m\u001b[0m\u001b[0m\n","\u001b[0;32mindex.pyx\u001b[0m in \u001b[0;36mpandas._libs.index.IndexEngine.get_loc\u001b[0;34m()\u001b[0m\n","\u001b[0;32mindex.pyx\u001b[0m in \u001b[0;36mpandas._libs.index.IndexEngine.get_loc\u001b[0;34m()\u001b[0m\n","\u001b[0;32mpandas/_libs/hashtable_class_helper.pxi\u001b[0m in \u001b[0;36mpandas._libs.hashtable.PyObjectHashTable.get_item\u001b[0;34m()\u001b[0m\n","\u001b[0;32mpandas/_libs/hashtable_class_helper.pxi\u001b[0m in \u001b[0;36mpandas._libs.hashtable.PyObjectHashTable.get_item\u001b[0;34m()\u001b[0m\n","\u001b[0;31mKeyError\u001b[0m: 'person1'","\nThe above exception was the direct cause of the following exception:\n","\u001b[0;31mKeyError\u001b[0m                                  Traceback (most recent call last)","\u001b[0;32m/tmp/ipython-input-15-2679197390.py\u001b[0m in \u001b[0;36m<cell line: 0>\u001b[0;34m()\u001b[0m\n\u001b[0;32m----> 1\u001b[0;31m \u001b[0mprint\u001b[0m\u001b[0;34m(\u001b[0m\u001b[0mdf\u001b[0m\u001b[0;34m.\u001b[0m\u001b[0mloc\u001b[0m\u001b[0;34m[\u001b[0m\u001b[0;34m\"person1\"\u001b[0m\u001b[0;34m]\u001b[0m\u001b[0;34m)\u001b[0m\u001b[0;34m\u001b[0m\u001b[0;34m\u001b[0m\u001b[0m\n\u001b[0m","\u001b[0;32m/usr/local/lib/python3.11/dist-packages/pandas/core/indexing.py\u001b[0m in \u001b[0;36m__getitem__\u001b[0;34m(self, key)\u001b[0m\n\u001b[1;32m   1189\u001b[0m             \u001b[0mmaybe_callable\u001b[0m \u001b[0;34m=\u001b[0m \u001b[0mcom\u001b[0m\u001b[0;34m.\u001b[0m\u001b[0mapply_if_callable\u001b[0m\u001b[0;34m(\u001b[0m\u001b[0mkey\u001b[0m\u001b[0;34m,\u001b[0m \u001b[0mself\u001b[0m\u001b[0;34m.\u001b[0m\u001b[0mobj\u001b[0m\u001b[0;34m)\u001b[0m\u001b[0;34m\u001b[0m\u001b[0;34m\u001b[0m\u001b[0m\n\u001b[1;32m   1190\u001b[0m             \u001b[0mmaybe_callable\u001b[0m \u001b[0;34m=\u001b[0m \u001b[0mself\u001b[0m\u001b[0;34m.\u001b[0m\u001b[0m_check_deprecated_callable_usage\u001b[0m\u001b[0;34m(\u001b[0m\u001b[0mkey\u001b[0m\u001b[0;34m,\u001b[0m \u001b[0mmaybe_callable\u001b[0m\u001b[0;34m)\u001b[0m\u001b[0;34m\u001b[0m\u001b[0;34m\u001b[0m\u001b[0m\n\u001b[0;32m-> 1191\u001b[0;31m             \u001b[0;32mreturn\u001b[0m \u001b[0mself\u001b[0m\u001b[0;34m.\u001b[0m\u001b[0m_getitem_axis\u001b[0m\u001b[0;34m(\u001b[0m\u001b[0mmaybe_callable\u001b[0m\u001b[0;34m,\u001b[0m \u001b[0maxis\u001b[0m\u001b[0;34m=\u001b[0m\u001b[0maxis\u001b[0m\u001b[0;34m)\u001b[0m\u001b[0;34m\u001b[0m\u001b[0;34m\u001b[0m\u001b[0m\n\u001b[0m\u001b[1;32m   1192\u001b[0m \u001b[0;34m\u001b[0m\u001b[0m\n\u001b[1;32m   1193\u001b[0m     \u001b[0;32mdef\u001b[0m \u001b[0m_is_scalar_access\u001b[0m\u001b[0;34m(\u001b[0m\u001b[0mself\u001b[0m\u001b[0;34m,\u001b[0m \u001b[0mkey\u001b[0m\u001b[0;34m:\u001b[0m \u001b[0mtuple\u001b[0m\u001b[0;34m)\u001b[0m\u001b[0;34m:\u001b[0m\u001b[0;34m\u001b[0m\u001b[0;34m\u001b[0m\u001b[0m\n","\u001b[0;32m/usr/local/lib/python3.11/dist-packages/pandas/core/indexing.py\u001b[0m in \u001b[0;36m_getitem_axis\u001b[0;34m(self, key, axis)\u001b[0m\n\u001b[1;32m   1429\u001b[0m         \u001b[0;31m# fall thru to straight lookup\u001b[0m\u001b[0;34m\u001b[0m\u001b[0;34m\u001b[0m\u001b[0m\n\u001b[1;32m   1430\u001b[0m         \u001b[0mself\u001b[0m\u001b[0;34m.\u001b[0m\u001b[0m_validate_key\u001b[0m\u001b[0;34m(\u001b[0m\u001b[0mkey\u001b[0m\u001b[0;34m,\u001b[0m \u001b[0maxis\u001b[0m\u001b[0;34m)\u001b[0m\u001b[0;34m\u001b[0m\u001b[0;34m\u001b[0m\u001b[0m\n\u001b[0;32m-> 1431\u001b[0;31m         \u001b[0;32mreturn\u001b[0m \u001b[0mself\u001b[0m\u001b[0;34m.\u001b[0m\u001b[0m_get_label\u001b[0m\u001b[0;34m(\u001b[0m\u001b[0mkey\u001b[0m\u001b[0;34m,\u001b[0m \u001b[0maxis\u001b[0m\u001b[0;34m=\u001b[0m\u001b[0maxis\u001b[0m\u001b[0;34m)\u001b[0m\u001b[0;34m\u001b[0m\u001b[0;34m\u001b[0m\u001b[0m\n\u001b[0m\u001b[1;32m   1432\u001b[0m \u001b[0;34m\u001b[0m\u001b[0m\n\u001b[1;32m   1433\u001b[0m     \u001b[0;32mdef\u001b[0m \u001b[0m_get_slice_axis\u001b[0m\u001b[0;34m(\u001b[0m\u001b[0mself\u001b[0m\u001b[0;34m,\u001b[0m \u001b[0mslice_obj\u001b[0m\u001b[0;34m:\u001b[0m \u001b[0mslice\u001b[0m\u001b[0;34m,\u001b[0m \u001b[0maxis\u001b[0m\u001b[0;34m:\u001b[0m \u001b[0mAxisInt\u001b[0m\u001b[0;34m)\u001b[0m\u001b[0;34m:\u001b[0m\u001b[0;34m\u001b[0m\u001b[0;34m\u001b[0m\u001b[0m\n","\u001b[0;32m/usr/local/lib/python3.11/dist-packages/pandas/core/indexing.py\u001b[0m in \u001b[0;36m_get_label\u001b[0;34m(self, label, axis)\u001b[0m\n\u001b[1;32m   1379\u001b[0m     \u001b[0;32mdef\u001b[0m \u001b[0m_get_label\u001b[0m\u001b[0;34m(\u001b[0m\u001b[0mself\u001b[0m\u001b[0;34m,\u001b[0m \u001b[0mlabel\u001b[0m\u001b[0;34m,\u001b[0m \u001b[0maxis\u001b[0m\u001b[0;34m:\u001b[0m \u001b[0mAxisInt\u001b[0m\u001b[0;34m)\u001b[0m\u001b[0;34m:\u001b[0m\u001b[0;34m\u001b[0m\u001b[0;34m\u001b[0m\u001b[0m\n\u001b[1;32m   1380\u001b[0m         \u001b[0;31m# GH#5567 this will fail if the label is not present in the axis.\u001b[0m\u001b[0;34m\u001b[0m\u001b[0;34m\u001b[0m\u001b[0m\n\u001b[0;32m-> 1381\u001b[0;31m         \u001b[0;32mreturn\u001b[0m \u001b[0mself\u001b[0m\u001b[0;34m.\u001b[0m\u001b[0mobj\u001b[0m\u001b[0;34m.\u001b[0m\u001b[0mxs\u001b[0m\u001b[0;34m(\u001b[0m\u001b[0mlabel\u001b[0m\u001b[0;34m,\u001b[0m \u001b[0maxis\u001b[0m\u001b[0;34m=\u001b[0m\u001b[0maxis\u001b[0m\u001b[0;34m)\u001b[0m\u001b[0;34m\u001b[0m\u001b[0;34m\u001b[0m\u001b[0m\n\u001b[0m\u001b[1;32m   1382\u001b[0m \u001b[0;34m\u001b[0m\u001b[0m\n\u001b[1;32m   1383\u001b[0m     \u001b[0;32mdef\u001b[0m \u001b[0m_handle_lowerdim_multi_index_axis0\u001b[0m\u001b[0;34m(\u001b[0m\u001b[0mself\u001b[0m\u001b[0;34m,\u001b[0m \u001b[0mtup\u001b[0m\u001b[0;34m:\u001b[0m \u001b[0mtuple\u001b[0m\u001b[0;34m)\u001b[0m\u001b[0;34m:\u001b[0m\u001b[0;34m\u001b[0m\u001b[0;34m\u001b[0m\u001b[0m\n","\u001b[0;32m/usr/local/lib/python3.11/dist-packages/pandas/core/generic.py\u001b[0m in \u001b[0;36mxs\u001b[0;34m(self, key, axis, level, drop_level)\u001b[0m\n\u001b[1;32m   4299\u001b[0m                     \u001b[0mnew_index\u001b[0m \u001b[0;34m=\u001b[0m \u001b[0mindex\u001b[0m\u001b[0;34m[\u001b[0m\u001b[0mloc\u001b[0m\u001b[0;34m]\u001b[0m\u001b[0;34m\u001b[0m\u001b[0;34m\u001b[0m\u001b[0m\n\u001b[1;32m   4300\u001b[0m         \u001b[0;32melse\u001b[0m\u001b[0;34m:\u001b[0m\u001b[0;34m\u001b[0m\u001b[0;34m\u001b[0m\u001b[0m\n\u001b[0;32m-> 4301\u001b[0;31m             \u001b[0mloc\u001b[0m \u001b[0;34m=\u001b[0m \u001b[0mindex\u001b[0m\u001b[0;34m.\u001b[0m\u001b[0mget_loc\u001b[0m\u001b[0;34m(\u001b[0m\u001b[0mkey\u001b[0m\u001b[0;34m)\u001b[0m\u001b[0;34m\u001b[0m\u001b[0;34m\u001b[0m\u001b[0m\n\u001b[0m\u001b[1;32m   4302\u001b[0m \u001b[0;34m\u001b[0m\u001b[0m\n\u001b[1;32m   4303\u001b[0m             \u001b[0;32mif\u001b[0m \u001b[0misinstance\u001b[0m\u001b[0;34m(\u001b[0m\u001b[0mloc\u001b[0m\u001b[0;34m,\u001b[0m \u001b[0mnp\u001b[0m\u001b[0;34m.\u001b[0m\u001b[0mndarray\u001b[0m\u001b[0;34m)\u001b[0m\u001b[0;34m:\u001b[0m\u001b[0;34m\u001b[0m\u001b[0;34m\u001b[0m\u001b[0m\n","\u001b[0;32m/usr/local/lib/python3.11/dist-packages/pandas/core/indexes/base.py\u001b[0m in \u001b[0;36mget_loc\u001b[0;34m(self, key)\u001b[0m\n\u001b[1;32m   3810\u001b[0m             ):\n\u001b[1;32m   3811\u001b[0m                 \u001b[0;32mraise\u001b[0m \u001b[0mInvalidIndexError\u001b[0m\u001b[0;34m(\u001b[0m\u001b[0mkey\u001b[0m\u001b[0;34m)\u001b[0m\u001b[0;34m\u001b[0m\u001b[0;34m\u001b[0m\u001b[0m\n\u001b[0;32m-> 3812\u001b[0;31m             \u001b[0;32mraise\u001b[0m \u001b[0mKeyError\u001b[0m\u001b[0;34m(\u001b[0m\u001b[0mkey\u001b[0m\u001b[0;34m)\u001b[0m \u001b[0;32mfrom\u001b[0m \u001b[0merr\u001b[0m\u001b[0;34m\u001b[0m\u001b[0;34m\u001b[0m\u001b[0m\n\u001b[0m\u001b[1;32m   3813\u001b[0m         \u001b[0;32mexcept\u001b[0m \u001b[0mTypeError\u001b[0m\u001b[0;34m:\u001b[0m\u001b[0;34m\u001b[0m\u001b[0;34m\u001b[0m\u001b[0m\n\u001b[1;32m   3814\u001b[0m             \u001b[0;31m# If we have a listlike key, _check_indexing_error will raise\u001b[0m\u001b[0;34m\u001b[0m\u001b[0;34m\u001b[0m\u001b[0m\n","\u001b[0;31mKeyError\u001b[0m: 'person1'"]}]},{"cell_type":"code","source":["df = pd.read_csv(\"/content/sample_data/age_group.csv\")\n","print(df)"],"metadata":{"colab":{"base_uri":"https://localhost:8080/"},"id":"g_VPhESWSyiQ","executionInfo":{"status":"ok","timestamp":1751329151919,"user_tz":-330,"elapsed":11,"user":{"displayName":"Rucha Goje","userId":"08197201055583926471"}},"outputId":"a381c752-2ed8-4d6f-edca-511c1caef72d"},"execution_count":19,"outputs":[{"output_type":"stream","name":"stdout","text":["  age_group  count\n","0     18-24   1283\n","1     25-34   4901\n","2     35-44   5041\n","3     45-54   4870\n","4     55-64   1387\n"]}]},{"cell_type":"code","source":["print(df.to_string())"],"metadata":{"colab":{"base_uri":"https://localhost:8080/"},"id":"wJs6JLcjVgTz","executionInfo":{"status":"ok","timestamp":1751329275094,"user_tz":-330,"elapsed":5,"user":{"displayName":"Rucha Goje","userId":"08197201055583926471"}},"outputId":"7a4b8a11-f202-4a20-a137-7f7916b1cdd7"},"execution_count":21,"outputs":[{"output_type":"stream","name":"stdout","text":["  age_group  count\n","0     18-24   1283\n","1     25-34   4901\n","2     35-44   5041\n","3     45-54   4870\n","4     55-64   1387\n"]}]},{"cell_type":"markdown","source":["max_rows\n"],"metadata":{"id":"G2n47SNYX4Z_"}},{"cell_type":"code","source":["print(pd.options.display.max_rows)"],"metadata":{"colab":{"base_uri":"https://localhost:8080/"},"id":"6T2jewfWW8fU","executionInfo":{"status":"ok","timestamp":1751329547495,"user_tz":-330,"elapsed":14,"user":{"displayName":"Rucha Goje","userId":"08197201055583926471"}},"outputId":"6c965bc7-943f-4c3d-ef4b-89a2df50f1eb"},"execution_count":22,"outputs":[{"output_type":"stream","name":"stdout","text":["60\n"]}]},{"cell_type":"code","source":["pd.options.display.max_rows = 9999\n","\n","df = pd.read_csv('/content/sample_data/age_group.csv')\n","\n","print(df)"],"metadata":{"colab":{"base_uri":"https://localhost:8080/"},"id":"aa3NAnQJYCOI","executionInfo":{"status":"ok","timestamp":1751329718496,"user_tz":-330,"elapsed":43,"user":{"displayName":"Rucha Goje","userId":"08197201055583926471"}},"outputId":"7b80f385-94db-409e-a07d-387744e93afd"},"execution_count":25,"outputs":[{"output_type":"stream","name":"stdout","text":["  age_group  count\n","0     18-24   1283\n","1     25-34   4901\n","2     35-44   5041\n","3     45-54   4870\n","4     55-64   1387\n"]}]},{"cell_type":"markdown","source":["JSON\n"],"metadata":{"id":"90LpbjXdZ5k1"}},{"cell_type":"code","source":["data = {\n","  \"Duration\":{\n","    \"0\":60,\n","    \"1\":60,\n","    \"2\":60,\n","    \"3\":45,\n","    \"4\":45,\n","    \"5\":60\n","  },\n","  \"Pulse\":{\n","    \"0\":110,\n","    \"1\":117,\n","    \"2\":103,\n","    \"3\":109,\n","    \"4\":117,\n","    \"5\":102\n","  },\n","  \"Maxpulse\":{\n","    \"0\":130,\n","    \"1\":145,\n","    \"2\":135,\n","    \"3\":175,\n","    \"4\":148,\n","    \"5\":127\n","  },\n","  \"Calories\":{\n","    \"0\":409,\n","    \"1\":479,\n","    \"2\":340,\n","    \"3\":282,\n","    \"4\":406,\n","    \"5\":300\n","  }\n","}\n","\n","df = pd.DataFrame(data)\n","\n","print(df)"],"metadata":{"colab":{"base_uri":"https://localhost:8080/"},"id":"hZa-JU94Zvxh","executionInfo":{"status":"ok","timestamp":1751330450486,"user_tz":-330,"elapsed":48,"user":{"displayName":"Rucha Goje","userId":"08197201055583926471"}},"outputId":"c20318ae-2b08-428f-d61f-3f741377dc36"},"execution_count":35,"outputs":[{"output_type":"stream","name":"stdout","text":["   Duration  Pulse  Maxpulse  Calories\n","0        60    110       130       409\n","1        60    117       145       479\n","2        60    103       135       340\n","3        45    109       175       282\n","4        45    117       148       406\n","5        60    102       127       300\n"]}]},{"cell_type":"code","source":["print(df.head())"],"metadata":{"colab":{"base_uri":"https://localhost:8080/"},"id":"48HBcoILaGiY","executionInfo":{"status":"ok","timestamp":1751330453819,"user_tz":-330,"elapsed":27,"user":{"displayName":"Rucha Goje","userId":"08197201055583926471"}},"outputId":"af6d178e-63f5-425e-c613-3be21cb4dc37"},"execution_count":36,"outputs":[{"output_type":"stream","name":"stdout","text":["   Duration  Pulse  Maxpulse  Calories\n","0        60    110       130       409\n","1        60    117       145       479\n","2        60    103       135       340\n","3        45    109       175       282\n","4        45    117       148       406\n"]}]},{"cell_type":"code","source":["print(df.tail())"],"metadata":{"colab":{"base_uri":"https://localhost:8080/"},"id":"r5-dECsVbH26","executionInfo":{"status":"ok","timestamp":1751330456415,"user_tz":-330,"elapsed":10,"user":{"displayName":"Rucha Goje","userId":"08197201055583926471"}},"outputId":"100b18af-62e9-4ac0-9f0b-539681e0024f"},"execution_count":37,"outputs":[{"output_type":"stream","name":"stdout","text":["   Duration  Pulse  Maxpulse  Calories\n","1        60    117       145       479\n","2        60    103       135       340\n","3        45    109       175       282\n","4        45    117       148       406\n","5        60    102       127       300\n"]}]},{"cell_type":"code","source":["print(df.info())"],"metadata":{"colab":{"base_uri":"https://localhost:8080/"},"id":"LZflcI-UbRYm","executionInfo":{"status":"ok","timestamp":1751330458187,"user_tz":-330,"elapsed":17,"user":{"displayName":"Rucha Goje","userId":"08197201055583926471"}},"outputId":"708f6783-ccdd-4b92-d8e8-faa2e8d4f131"},"execution_count":38,"outputs":[{"output_type":"stream","name":"stdout","text":["<class 'pandas.core.frame.DataFrame'>\n","Index: 6 entries, 0 to 5\n","Data columns (total 4 columns):\n"," #   Column    Non-Null Count  Dtype\n","---  ------    --------------  -----\n"," 0   Duration  6 non-null      int64\n"," 1   Pulse     6 non-null      int64\n"," 2   Maxpulse  6 non-null      int64\n"," 3   Calories  6 non-null      int64\n","dtypes: int64(4)\n","memory usage: 240.0+ bytes\n","None\n"]}]},{"cell_type":"code","source":[],"metadata":{"id":"U25sCWzzbWDi"},"execution_count":null,"outputs":[]}]}